<?xml version="1.0" encoding="UTF-8"?>
<!-- Generated by org.testng.reporters.JUnitReportReporter -->
<testsuite skipped="0" hostname="mslaptop" name="firsttestngpackage.Priority_In_testNG" tests="4" failures="0" timestamp="08 sie 2019 13:39:54 GMT" time="17.858" errors="0">
  <testcase name="a_openBrowser" time="7.962" classname="firsttestngpackage.Priority_In_testNG"/>
  <testcase name="b_launchGoogle" time="1.877" classname="firsttestngpackage.Priority_In_testNG"/>
  <testcase name="c_peformSeachAndClick1stLink" time="4.981" classname="firsttestngpackage.Priority_In_testNG"/>
  <testcase name="d_FaceBookPageTitleVerification" time="3.038" classname="firsttestngpackage.Priority_In_testNG"/>
</testsuite> <!-- firsttestngpackage.Priority_In_testNG -->
