<?xml version="1.0" encoding="UTF-8"?>
<!-- Generated by org.testng.reporters.JUnitReportReporter -->
<testsuite skipped="0" hostname="mslaptop" name="firsttestngpackage.MultipleSession_In_testNG" tests="3" failures="0" timestamp="12 sie 2019 12:55:13 GMT" time="33.427" errors="0">
  <testcase name="executeSessionTwo" time="11.340" classname="firsttestngpackage.MultipleSession_In_testNG"/>
  <testcase name="executSessionOne" time="12.474" classname="firsttestngpackage.MultipleSession_In_testNG"/>
  <testcase name="executSessionThree" time="9.613" classname="firsttestngpackage.MultipleSession_In_testNG"/>
</testsuite> <!-- firsttestngpackage.MultipleSession_In_testNG -->
