<?xml version="1.0" encoding="UTF-8"?>
<!-- Generated by org.testng.reporters.JUnitReportReporter -->
<testsuite skipped="0" hostname="mslaptop" name="firsttestngpackage.firsttestngfile" tests="1" failures="0" timestamp="06 sie 2019 11:28:59 GMT" time="3.249" errors="0">
  <testcase name="verifyHomepageTitle" time="3.249" classname="firsttestngpackage.firsttestngfile"/>
</testsuite> <!-- firsttestngpackage.firsttestngfile -->
