<?xml version="1.0" encoding="UTF-8"?>
<!-- Generated by org.testng.reporters.JUnitReportReporter -->
<testsuite skipped="0" hostname="mslaptop" name="firsttestngpackage.fftestNGexamlpe" tests="1" failures="0" timestamp="05 sie 2019 19:33:11 GMT" time="4.812" errors="0">
  <testcase name="navigateToUrl" time="4.812" classname="firsttestngpackage.fftestNGexamlpe"/>
</testsuite> <!-- firsttestngpackage.fftestNGexamlpe -->
