<?xml version="1.0" encoding="UTF-8"?>
<!-- Generated by org.testng.reporters.JUnitReportReporter -->
<testsuite skipped="0" hostname="mslaptop" name="firsttestngpackage.fftestNG2" tests="2" failures="0" timestamp="06 sie 2019 11:28:57 GMT" time="6.615" errors="0">
  <testcase name="register" time="3.282" classname="firsttestngpackage.fftestNG2"/>
  <testcase name="support" time="3.333" classname="firsttestngpackage.fftestNG2"/>
</testsuite> <!-- firsttestngpackage.fftestNG2 -->
