<?xml version="1.0" encoding="UTF-8"?>
<!-- Generated by org.testng.reporters.JUnitReportReporter -->
<testsuite skipped="0" hostname="mslaptop" name="test.TestGoogleSearch" tests="1" failures="0" timestamp="16 sie 2019 08:41:13 GMT" time="4.226" errors="0">
  <testcase name="test_SugestionGoogle" time="4.226" classname="test.TestGoogleSearch"/>
</testsuite> <!-- test.TestGoogleSearch -->
