<?xml version="1.0" encoding="UTF-8"?>
<!-- Generated by org.testng.reporters.JUnitReportReporter -->
<testsuite skipped="0" hostname="mslaptop" name="test.TestDateTimePickerWithPagefactory" tests="1" failures="0" timestamp="26 sie 2019 19:29:56 GMT" time="4.526" errors="0">
  <testcase name="test_DateTimePicker" time="4.526" classname="test.TestDateTimePickerWithPagefactory"/>
</testsuite> <!-- test.TestDateTimePickerWithPagefactory -->
