<?xml version="1.0" encoding="UTF-8"?>
<!-- Generated by org.testng.reporters.JUnitReportReporter -->
<testsuite skipped="0" hostname="mslaptop" name="firsttestngpackage.MultipleSession_In_testNG" tests="3" failures="0" timestamp="08 sie 2019 16:19:30 GMT" time="40.989" errors="0">
  <testcase name="executSessionOne" time="13.740" classname="firsttestngpackage.MultipleSession_In_testNG"/>
  <testcase name="executeSessionTwo" time="13.540" classname="firsttestngpackage.MultipleSession_In_testNG"/>
  <testcase name="executSessionThree" time="13.709" classname="firsttestngpackage.MultipleSession_In_testNG"/>
</testsuite> <!-- firsttestngpackage.MultipleSession_In_testNG -->
