<?xml version="1.0" encoding="UTF-8"?>
<!-- Generated by org.testng.reporters.JUnitReportReporter -->
<testsuite skipped="0" hostname="mslaptop" name="com.suite1.PokerTexas" tests="3" failures="0" timestamp="11 sie 2019 19:59:10 GMT" time="10.475" errors="0">
  <testcase name="newsPage" time="1.980" classname="com.suite1.PokerTexas"/>
  <testcase name="kontaktPage" time="2.712" classname="com.suite1.PokerTexas"/>
  <testcase name="czytelniaPage" time="5.783" classname="com.suite1.PokerTexas"/>
</testsuite> <!-- com.suite1.PokerTexas -->
