<?xml version="1.0" encoding="UTF-8"?>
<!-- Generated by org.testng.reporters.JUnitReportReporter -->
<testsuite skipped="0" hostname="mslaptop" name="test.Test99GuruLogin" tests="1" failures="0" timestamp="14 sie 2019 09:53:03 GMT" time="4.731" errors="0">
  <testcase name="test_Home_Page_Appear_Correct" time="4.731" classname="test.Test99GuruLogin"/>
</testsuite> <!-- test.Test99GuruLogin -->
