<?xml version="1.0" encoding="UTF-8"?>
<!-- Generated by org.testng.reporters.JUnitReportReporter -->
<testsuite skipped="0" hostname="mslaptop" name="test.Test99GuruLoginWithPageFactory" tests="1" failures="0" timestamp="13 sie 2019 13:57:24 GMT" time="3.320" errors="0">
  <testcase name="test_Home_Page_Appear_Correct" time="3.320" classname="test.Test99GuruLoginWithPageFactory"/>
</testsuite> <!-- test.Test99GuruLoginWithPageFactory -->
