<?xml version="1.0" encoding="UTF-8"?>
<!-- Generated by org.testng.reporters.JUnitReportReporter -->
<testsuite skipped="0" hostname="mslaptop" name="firsttestngpackage.fftestNGbaseConfig" tests="1" failures="0" timestamp="06 sie 2019 11:28:59 GMT" time="4.262" errors="0">
  <testcase name="navigateToUrl" time="4.262" classname="firsttestngpackage.fftestNGbaseConfig"/>
</testsuite> <!-- firsttestngpackage.fftestNGbaseConfig -->
