<?xml version="1.0" encoding="UTF-8"?>
<!-- Generated by org.testng.reporters.JUnitReportReporter -->
<testsuite skipped="0" hostname="mslaptop" name="firsttestngpackage.testNG_IncludeExclude" tests="4" failures="0" timestamp="06 sie 2019 13:34:06 GMT" time="6.421" errors="0">
  <testcase name="tc04VerifyLoggedInPage" time="0.177" classname="firsttestngpackage.testNG_IncludeExclude"/>
  <testcase name="tc05VerifyHyperlinks" time="0.169" classname="firsttestngpackage.testNG_IncludeExclude"/>
  <testcase name="tc01LaunchURL" time="3.973" classname="firsttestngpackage.testNG_IncludeExclude"/>
  <testcase name="tc03EnterCredentials" time="2.102" classname="firsttestngpackage.testNG_IncludeExclude"/>
</testsuite> <!-- firsttestngpackage.testNG_IncludeExclude -->
