<?xml version="1.0" encoding="UTF-8"?>
<!-- Generated by org.testng.reporters.JUnitReportReporter -->
<testsuite skipped="0" hostname="mslaptop" name="com.suite2.PokerGround" tests="3" failures="0" timestamp="11 sie 2019 19:59:10 GMT" time="6.697" errors="0">
  <testcase name="kontaktPage" time="1.961" classname="com.suite2.PokerGround"/>
  <testcase name="newsPage" time="3.055" classname="com.suite2.PokerGround"/>
  <testcase name="czytelniaPage" time="1.681" classname="com.suite2.PokerGround"/>
</testsuite> <!-- com.suite2.PokerGround -->
