<?xml version="1.0" encoding="UTF-8"?>
<!-- Generated by org.testng.reporters.JUnitReportReporter -->
<testsuite skipped="0" hostname="mslaptop" name="test.TestGoogleSearchParamersDataproviderOutside" tests="3" failures="0" timestamp="16 sie 2019 14:47:35 GMT" time="25.000" errors="0">
  <testcase name="test_SugestionGoogle" time="8.314" classname="test.TestGoogleSearchParamersDataproviderOutside"/>
  <testcase name="test_SugestionGoogle" time="8.383" classname="test.TestGoogleSearchParamersDataproviderOutside"/>
  <testcase name="test_SugestionGoogle" time="8.303" classname="test.TestGoogleSearchParamersDataproviderOutside"/>
</testsuite> <!-- test.TestGoogleSearchParamersDataproviderOutside -->
