<?xml version="1.0" encoding="UTF-8"?>
<!-- Generated by org.testng.reporters.JUnitReportReporter -->
<testsuite skipped="0" hostname="mslaptop" name="test.testDatePicker" tests="1" failures="0" timestamp="26 sie 2019 19:30:35 GMT" time="24.363" errors="0">
  <testcase name="testDAtePicker" time="24.363" classname="test.testDatePicker"/>
</testsuite> <!-- test.testDatePicker -->
