<?xml version="1.0" encoding="UTF-8"?>
<!-- Generated by org.testng.reporters.JUnitReportReporter -->
<testsuite skipped="0" hostname="mslaptop" name="test.TestGoogleSearchWithParameters" tests="1" failures="0" timestamp="16 sie 2019 09:25:57 GMT" time="5.813" errors="0">
  <testcase name="test_SugestionGoogle" time="5.813" classname="test.TestGoogleSearchWithParameters"/>
</testsuite> <!-- test.TestGoogleSearchWithParameters -->
