<?xml version="1.0" encoding="UTF-8"?>
<!-- Generated by org.testng.reporters.JUnitReportReporter -->
<testsuite hostname="mslaptop" name="example.NewTest" tests="1" failures="1" timestamp="6 Aug 2019 10:12:28 GMT" time="0.003" errors="0">
  <testcase name="verifyHomepageTitle" time="0.003" classname="example.NewTest">
    <failure type="org.openqa.selenium.WebDriverException" message="Failed to connect to binary FirefoxBinary(C:\Program Files (x86)\Mozilla Firefox\firefox.exe) on port 7055; process output follows: 
:&quot;#2A2A2E&quot;,&quot;ntp_text&quot;:&quot;rgb(249, 249, 250)&quot;,&quot;popup&quot;:&quot;#4a4a4f&quot;,&quot;popup_border&quot;:&quot;#27272b&quot;,&quot;popup_text&quot;:&quot;rgb(249, 249, 250)&quot;,&quot;sidebar&quot;:&quot;#38383D&quot;,&quot;sidebar_border&quot;:&quot;rgba(255, 255, 255, 0.1)&quot;,&quot;sidebar_text&quot;:&quot;rgb(249, 249, 250)&quot;,&quot;textcolor&quot;:&quot;rgb(249, 249, 250)&quot;,&quot;tab_line&quot;:&quot;#0a84ff&quot;,&quot;toolbarColor&quot;:&quot;hsl(240, 1%, 20%)&quot;,&quot;toolbar_bottom_separator&quot;:&quot;hsl(240, 5%, 5%)&quot;,&quot;toolbar_field&quot;:&quot;rgb(71, 71, 73)&quot;,&quot;toolbar_field_border&quot;:&quot;rgba(249, 249, 250, 0.2)&quot;,&quot;toolbar_field_separator&quot;:&quot;#5F6670&quot;,&quot;toolbar_field_text&quot;:&quot;rgb(249, 249, 250)&quot;,&quot;id&quot;:&quot;default-theme@mozilla.org&quot;,&quot;version&quot;:&quot;1.0&quot;}}},&quot;firefox-compact-light@mozilla.org&quot;:{&quot;dependencies&quot;:[],&quot;enabled&quot;:false,&quot;lastModifiedTime&quot;:1563739984624,&quot;loader&quot;:null,&quot;path&quot;:null,&quot;rootURI&quot;:&quot;resource:///modules/themes/light/&quot;,&quot;runInSafeMode&quot;:true,&quot;telemetryKey&quot;:&quot;firefox-compact-light%40mozilla.org:1.0&quot;,&quot;version&quot;:&quot;1.0&quot;,&quot;type&quot;:&quot;theme&quot;},&quot;firefox-compact-dark@mozilla.org&quot;:{&quot;dependencies&quot;:[],&quot;enabled&quot;:false,&quot;lastModifiedTime&quot;:1563739984624,&quot;loader&quot;:null,&quot;path&quot;:null,&quot;rootURI&quot;:&quot;resource:///modules/themes/dark/&quot;,&quot;runInSafeMode&quot;:true,&quot;telemetryKey&quot;:&quot;firefox-compact-dark%40mozilla.org:1.0&quot;,&quot;version&quot;:&quot;1.0&quot;,&quot;type&quot;:&quot;theme&quot;},&quot;google@search.mozilla.org&quot;:{&quot;dependencies&quot;:[],&quot;enabled&quot;:true,&quot;lastModifiedTime&quot;:1563739984624,&quot;loader&quot;:null,&quot;path&quot;:null,&quot;rootURI&quot;:&quot;resource://search-extensions/google/&quot;,&quot;runInSafeMode&quot;:true,&quot;telemetryKey&quot;:&quot;google%40search.mozilla.org:1.0&quot;,&quot;version&quot;:&quot;1.0&quot;},&quot;allegro-pl@search.mozilla.org&quot;:{&quot;dependencies&quot;:[],&quot;enabled&quot;:true,&quot;lastModifiedTime&quot;:1563739984624,&quot;loader&quot;:null,&quot;path&quot;:null,&quot;rootURI&quot;:&quot;resource://search-extensions/allegro-pl/&quot;,&quot;runInSafeMode&quot;:true,&quot;telemetryKey&quot;:&quot;allegro-pl%40search.mozilla.org:1.0&quot;,&quot;version&quot;:&quot;1.0&quot;},&quot;ddg@search.mozilla.org&quot;:{&quot;dependencies&quot;:[],&quot;enabled&quot;:true,&quot;lastModifiedTime&quot;:1563739984624,&quot;loader&quot;:null,&quot;path&quot;:null,&quot;rootURI&quot;:&quot;resource://search-extensions/ddg/&quot;,&quot;runInSafeMode&quot;:true,&quot;telemetryKey&quot;:&quot;ddg%40search.mozilla.org:1.0&quot;,&quot;version&quot;:&quot;1.0&quot;},&quot;pwn-pl@search.mozilla.org&quot;:{&quot;dependencies&quot;:[],&quot;enabled&quot;:true,&quot;lastModifiedTime&quot;:1563739984624,&quot;loader&quot;:null,&quot;path&quot;:null,&quot;rootURI&quot;:&quot;resource://search-extensions/pwn-pl/&quot;,&quot;runInSafeMode&quot;:true,&quot;telemetryKey&quot;:&quot;pwn-pl%40search.mozilla.org:1.0&quot;,&quot;version&quot;:&quot;1.0&quot;},&quot;wikipedia@search.mozilla.org&quot;:{&quot;dependencies&quot;:[],&quot;enabled&quot;:true,&quot;lastModifiedTime&quot;:1563739984624,&quot;loader&quot;:null,&quot;path&quot;:null,&quot;rootURI&quot;:&quot;resource://search-extensions/wikipedia/&quot;,&quot;runInSafeMode&quot;:true,&quot;telemetryKey&quot;:&quot;wikipedia%40search.mozilla.org:1.0&quot;,&quot;version&quot;:&quot;1.0&quot;}},&quot;staged&quot;:{}}: null
1565086284729	addons.xpi	DEBUG	Updating XPIState for {&quot;id&quot;:&quot;wolnelektury-pl@search.mozilla.org&quot;,&quot;syncGUID&quot;:&quot;{9c8992a5-d155-4db4-8d4b-89cc2e25c872}&quot;,&quot;version&quot;:&quot;1.0&quot;,&quot;type&quot;:&quot;extension&quot;,&quot;loader&quot;:null,&quot;updateURL&quot;:null,&quot;optionsURL&quot;:null,&quot;optionsType&quot;:null,&quot;optionsBrowserStyle&quot;:true,&quot;aboutURL&quot;:null,&quot;defaultLocale&quot;:{&quot;name&quot;:&quot;Wolne Lektury&quot;,&quot;description&quot;:&quot;Biblioteka internetowa WolneLektury.pl&quot;,&quot;creator&quot;:null,&quot;developers&quot;:null,&quot;translators&quot;:null,&quot;contributors&quot;:null},&quot;visible&quot;:true,&quot;active&quot;:true,&quot;userDisabled&quot;:false,&quot;appDisabled&quot;:false,&quot;installDate&quot;:1565086284727,&quot;applyBackgroundUpdates&quot;:1,&quot;path&quot;:null,&quot;skinnable&quot;:false,&quot;sourceURI&quot;:null,&quot;releaseNotesURI&quot;:null,&quot;softDisabled&quot;:false,&quot;foreignInstall&quot;:false,&quot;strictCompatibility&quot;:true,&quot;locales&quot;:[],&quot;targetApplications&quot;:[{&quot;id&quot;:&quot;toolkit@mozilla.org&quot;,&quot;minVersion&quot;:null,&quot;maxVersion&quot;:null}],&quot;targetPlatforms&quot;:[],&quot;seen&quot;:true,&quot;dependencies&quot;:[],&quot;incognito&quot;:&quot;spanning&quot;,&quot;userPermissions&quot;:{&quot;permissions&quot;:[],&quot;origins&quot;:[]},&quot;icons&quot;:{&quot;16&quot;:&quot;favicon.png&quot;},&quot;iconURL&quot;:null,&quot;blocklistState&quot;:0,&quot;blocklistURL&quot;:null,&quot;startupData&quot;:null,&quot;hidden&quot;:true,&quot;installTelemetryInfo&quot;:null,&quot;recommendationState&quot;:null,&quot;rootURI&quot;:&quot;resource://search-extensions/wolnelektury-pl/&quot;,&quot;location&quot;:&quot;app-builtin&quot;}
1565086284732	addons.xpi	DEBUG	Loading bootstrap scope from resource://search-extensions/wolnelektury-pl/
1565086284732	addons.xpi	DEBUG	Calling bootstrap method install on wolnelektury-pl@search.mozilla.org version 1.0
1565086284733	addons.xpi	DEBUG	Calling bootstrap method startup on wolnelektury-pl@search.mozilla.org version 1.0
1565086285090	addons.manager	DEBUG	Registering upgrade listener for formautofill@mozilla.org

Build info: version: &#039;2.45.0&#039;, revision: &#039;5017cb8e7ca8e37638dc3091b2440b90a1d8686f&#039;, time: &#039;2015-02-27 09:10:26&#039;
System info: host: &#039;mslaptop&#039;, ip: &#039;192.168.56.1&#039;, os.name: &#039;Windows 10&#039;, os.arch: &#039;amd64&#039;, os.version: &#039;10.0&#039;, java.version: &#039;1.8.0_211&#039;
Driver info: driver.version: FirefoxDriver">
      <![CDATA[org.openqa.selenium.WebDriverException: Failed to connect to binary FirefoxBinary(C:\Program Files (x86)\Mozilla Firefox\firefox.exe) on port 7055; process output follows: 
:"#2A2A2E","ntp_text":"rgb(249, 249, 250)","popup":"#4a4a4f","popup_border":"#27272b","popup_text":"rgb(249, 249, 250)","sidebar":"#38383D","sidebar_border":"rgba(255, 255, 255, 0.1)","sidebar_text":"rgb(249, 249, 250)","textcolor":"rgb(249, 249, 250)","tab_line":"#0a84ff","toolbarColor":"hsl(240, 1%, 20%)","toolbar_bottom_separator":"hsl(240, 5%, 5%)","toolbar_field":"rgb(71, 71, 73)","toolbar_field_border":"rgba(249, 249, 250, 0.2)","toolbar_field_separator":"#5F6670","toolbar_field_text":"rgb(249, 249, 250)","id":"default-theme@mozilla.org","version":"1.0"}}},"firefox-compact-light@mozilla.org":{"dependencies":[],"enabled":false,"lastModifiedTime":1563739984624,"loader":null,"path":null,"rootURI":"resource:///modules/themes/light/","runInSafeMode":true,"telemetryKey":"firefox-compact-light%40mozilla.org:1.0","version":"1.0","type":"theme"},"firefox-compact-dark@mozilla.org":{"dependencies":[],"enabled":false,"lastModifiedTime":1563739984624,"loader":null,"path":null,"rootURI":"resource:///modules/themes/dark/","runInSafeMode":true,"telemetryKey":"firefox-compact-dark%40mozilla.org:1.0","version":"1.0","type":"theme"},"google@search.mozilla.org":{"dependencies":[],"enabled":true,"lastModifiedTime":1563739984624,"loader":null,"path":null,"rootURI":"resource://search-extensions/google/","runInSafeMode":true,"telemetryKey":"google%40search.mozilla.org:1.0","version":"1.0"},"allegro-pl@search.mozilla.org":{"dependencies":[],"enabled":true,"lastModifiedTime":1563739984624,"loader":null,"path":null,"rootURI":"resource://search-extensions/allegro-pl/","runInSafeMode":true,"telemetryKey":"allegro-pl%40search.mozilla.org:1.0","version":"1.0"},"ddg@search.mozilla.org":{"dependencies":[],"enabled":true,"lastModifiedTime":1563739984624,"loader":null,"path":null,"rootURI":"resource://search-extensions/ddg/","runInSafeMode":true,"telemetryKey":"ddg%40search.mozilla.org:1.0","version":"1.0"},"pwn-pl@search.mozilla.org":{"dependencies":[],"enabled":true,"lastModifiedTime":1563739984624,"loader":null,"path":null,"rootURI":"resource://search-extensions/pwn-pl/","runInSafeMode":true,"telemetryKey":"pwn-pl%40search.mozilla.org:1.0","version":"1.0"},"wikipedia@search.mozilla.org":{"dependencies":[],"enabled":true,"lastModifiedTime":1563739984624,"loader":null,"path":null,"rootURI":"resource://search-extensions/wikipedia/","runInSafeMode":true,"telemetryKey":"wikipedia%40search.mozilla.org:1.0","version":"1.0"}},"staged":{}}: null
1565086284729	addons.xpi	DEBUG	Updating XPIState for {"id":"wolnelektury-pl@search.mozilla.org","syncGUID":"{9c8992a5-d155-4db4-8d4b-89cc2e25c872}","version":"1.0","type":"extension","loader":null,"updateURL":null,"optionsURL":null,"optionsType":null,"optionsBrowserStyle":true,"aboutURL":null,"defaultLocale":{"name":"Wolne Lektury","description":"Biblioteka internetowa WolneLektury.pl","creator":null,"developers":null,"translators":null,"contributors":null},"visible":true,"active":true,"userDisabled":false,"appDisabled":false,"installDate":1565086284727,"applyBackgroundUpdates":1,"path":null,"skinnable":false,"sourceURI":null,"releaseNotesURI":null,"softDisabled":false,"foreignInstall":false,"strictCompatibility":true,"locales":[],"targetApplications":[{"id":"toolkit@mozilla.org","minVersion":null,"maxVersion":null}],"targetPlatforms":[],"seen":true,"dependencies":[],"incognito":"spanning","userPermissions":{"permissions":[],"origins":[]},"icons":{"16":"favicon.png"},"iconURL":null,"blocklistState":0,"blocklistURL":null,"startupData":null,"hidden":true,"installTelemetryInfo":null,"recommendationState":null,"rootURI":"resource://search-extensions/wolnelektury-pl/","location":"app-builtin"}
1565086284732	addons.xpi	DEBUG	Loading bootstrap scope from resource://search-extensions/wolnelektury-pl/
1565086284732	addons.xpi	DEBUG	Calling bootstrap method install on wolnelektury-pl@search.mozilla.org version 1.0
1565086284733	addons.xpi	DEBUG	Calling bootstrap method startup on wolnelektury-pl@search.mozilla.org version 1.0
1565086285090	addons.manager	DEBUG	Registering upgrade listener for formautofill@mozilla.org

Build info: version: '2.45.0', revision: '5017cb8e7ca8e37638dc3091b2440b90a1d8686f', time: '2015-02-27 09:10:26'
System info: host: 'mslaptop', ip: '192.168.56.1', os.name: 'Windows 10', os.arch: 'amd64', os.version: '10.0', java.version: '1.8.0_211'
Driver info: driver.version: FirefoxDriver
	at org.openqa.selenium.firefox.internal.NewProfileExtensionConnection.start(NewProfileExtensionConnection.java:130)
	at org.openqa.selenium.firefox.FirefoxDriver.startClient(FirefoxDriver.java:246)
	at org.openqa.selenium.remote.RemoteWebDriver.<init>(RemoteWebDriver.java:114)
	at org.openqa.selenium.firefox.FirefoxDriver.<init>(FirefoxDriver.java:191)
	at org.openqa.selenium.firefox.FirefoxDriver.<init>(FirefoxDriver.java:186)
	at org.openqa.selenium.firefox.FirefoxDriver.<init>(FirefoxDriver.java:103)
	at example.NewTest.launchBrowser(NewTest.java:20)
	at sun.reflect.NativeMethodAccessorImpl.invoke0(Native Method)
	at sun.reflect.NativeMethodAccessorImpl.invoke(Unknown Source)
	at sun.reflect.DelegatingMethodAccessorImpl.invoke(Unknown Source)
	at java.lang.reflect.Method.invoke(Unknown Source)
	at org.testng.internal.MethodInvocationHelper.invokeMethod(MethodInvocationHelper.java:80)
	at org.testng.internal.Invoker.invokeConfigurationMethod(Invoker.java:564)
	at org.testng.internal.Invoker.invokeConfigurations(Invoker.java:213)
	at org.testng.internal.Invoker.invokeConfigurations(Invoker.java:138)
	at org.testng.TestRunner.beforeRun(TestRunner.java:641)
	at org.testng.TestRunner.run(TestRunner.java:609)
	at org.testng.SuiteRunner.runTest(SuiteRunner.java:334)
	at org.testng.SuiteRunner.runSequentially(SuiteRunner.java:329)
	at org.testng.SuiteRunner.privateRun(SuiteRunner.java:291)
	at org.testng.SuiteRunner.run(SuiteRunner.java:240)
	at org.testng.SuiteRunnerWorker.runSuite(SuiteRunnerWorker.java:52)
	at org.testng.SuiteRunnerWorker.run(SuiteRunnerWorker.java:86)
	at org.testng.TestNG.runSuitesSequentially(TestNG.java:1198)
	at org.testng.TestNG.runSuitesLocally(TestNG.java:1123)
	at org.testng.TestNG.run(TestNG.java:1031)
	at org.testng.remote.AbstractRemoteTestNG.run(AbstractRemoteTestNG.java:115)
	at org.testng.remote.RemoteTestNG.initAndRun(RemoteTestNG.java:251)
	at org.testng.remote.RemoteTestNG.main(RemoteTestNG.java:77)
Caused by: org.openqa.selenium.firefox.NotConnectedException: Unable to connect to host 127.0.0.1 on port 7055 after 45000 ms. Firefox console output:
:"#2A2A2E","ntp_text":"rgb(249, 249, 250)","popup":"#4a4a4f","popup_border":"#27272b","popup_text":"rgb(249, 249, 250)","sidebar":"#38383D","sidebar_border":"rgba(255, 255, 255, 0.1)","sidebar_text":"rgb(249, 249, 250)","textcolor":"rgb(249, 249, 250)","tab_line":"#0a84ff","toolbarColor":"hsl(240, 1%, 20%)","toolbar_bottom_separator":"hsl(240, 5%, 5%)","toolbar_field":"rgb(71, 71, 73)","toolbar_field_border":"rgba(249, 249, 250, 0.2)","toolbar_field_separator":"#5F6670","toolbar_field_text":"rgb(249, 249, 250)","id":"default-theme@mozilla.org","version":"1.0"}}},"firefox-compact-light@mozilla.org":{"dependencies":[],"enabled":false,"lastModifiedTime":1563739984624,"loader":null,"path":null,"rootURI":"resource:///modules/themes/light/","runInSafeMode":true,"telemetryKey":"firefox-compact-light%40mozilla.org:1.0","version":"1.0","type":"theme"},"firefox-compact-dark@mozilla.org":{"dependencies":[],"enabled":false,"lastModifiedTime":1563739984624,"loader":null,"path":null,"rootURI":"resource:///modules/themes/dark/","runInSafeMode":true,"telemetryKey":"firefox-compact-dark%40mozilla.org:1.0","version":"1.0","type":"theme"},"google@search.mozilla.org":{"dependencies":[],"enabled":true,"lastModifiedTime":1563739984624,"loader":null,"path":null,"rootURI":"resource://search-extensions/google/","runInSafeMode":true,"telemetryKey":"google%40search.mozilla.org:1.0","version":"1.0"},"allegro-pl@search.mozilla.org":{"dependencies":[],"enabled":true,"lastModifiedTime":1563739984624,"loader":null,"path":null,"rootURI":"resource://search-extensions/allegro-pl/","runInSafeMode":true,"telemetryKey":"allegro-pl%40search.mozilla.org:1.0","version":"1.0"},"ddg@search.mozilla.org":{"dependencies":[],"enabled":true,"lastModifiedTime":1563739984624,"loader":null,"path":null,"rootURI":"resource://search-extensions/ddg/","runInSafeMode":true,"telemetryKey":"ddg%40search.mozilla.org:1.0","version":"1.0"},"pwn-pl@search.mozilla.org":{"dependencies":[],"enabled":true,"lastModifiedTime":1563739984624,"loader":null,"path":null,"rootURI":"resource://search-extensions/pwn-pl/","runInSafeMode":true,"telemetryKey":"pwn-pl%40search.mozilla.org:1.0","version":"1.0"},"wikipedia@search.mozilla.org":{"dependencies":[],"enabled":true,"lastModifiedTime":1563739984624,"loader":null,"path":null,"rootURI":"resource://search-extensions/wikipedia/","runInSafeMode":true,"telemetryKey":"wikipedia%40search.mozilla.org:1.0","version":"1.0"}},"staged":{}}: null
1565086284729	addons.xpi	DEBUG	Updating XPIState for {"id":"wolnelektury-pl@search.mozilla.org","syncGUID":"{9c8992a5-d155-4db4-8d4b-89cc2e25c872}","version":"1.0","type":"extension","loader":null,"updateURL":null,"optionsURL":null,"optionsType":null,"optionsBrowserStyle":true,"aboutURL":null,"defaultLocale":{"name":"Wolne Lektury","description":"Biblioteka internetowa WolneLektury.pl","creator":null,"developers":null,"translators":null,"contributors":null},"visible":true,"active":true,"userDisabled":false,"appDisabled":false,"installDate":1565086284727,"applyBackgroundUpdates":1,"path":null,"skinnable":false,"sourceURI":null,"releaseNotesURI":null,"softDisabled":false,"foreignInstall":false,"strictCompatibility":true,"locales":[],"targetApplications":[{"id":"toolkit@mozilla.org","minVersion":null,"maxVersion":null}],"targetPlatforms":[],"seen":true,"dependencies":[],"incognito":"spanning","userPermissions":{"permissions":[],"origins":[]},"icons":{"16":"favicon.png"},"iconURL":null,"blocklistState":0,"blocklistURL":null,"startupData":null,"hidden":true,"installTelemetryInfo":null,"recommendationState":null,"rootURI":"resource://search-extensions/wolnelektury-pl/","location":"app-builtin"}
1565086284732	addons.xpi	DEBUG	Loading bootstrap scope from resource://search-extensions/wolnelektury-pl/
1565086284732	addons.xpi	DEBUG	Calling bootstrap method install on wolnelektury-pl@search.mozilla.org version 1.0
1565086284733	addons.xpi	DEBUG	Calling bootstrap method startup on wolnelektury-pl@search.mozilla.org version 1.0
1565086285090	addons.manager	DEBUG	Registering upgrade listener for formautofill@mozilla.org

	at org.openqa.selenium.firefox.internal.NewProfileExtensionConnection.start(NewProfileExtensionConnection.java:118)
	... 28 more
]]>
    </failure>
  </testcase> <!-- verifyHomepageTitle -->
</testsuite> <!-- example.NewTest -->
